-------------------------------------------------------------------------------
Test set: com.example.demo.DemoApplicationTests
-------------------------------------------------------------------------------
Tests run: 1, Failures: 0, Errors: 1, Skipped: 0, Time elapsed: 11.756 s <<< FAILURE! - in com.example.demo.DemoApplicationTests
contextLoads  Time elapsed: 0.055 s  <<< ERROR!
java.lang.IllegalStateException: Failed to load ApplicationContext
Caused by: org.springframework.beans.factory.BeanCreationException: 
Error creating bean with name 'entityManagerFactory' defined in class path resource [org/springframework/boot/autoconfigure/orm/jpa/HibernateJpaConfiguration.class]: Initialization of bean failed; nested exception is org.springframework.jdbc.datasource.init.ScriptStatementFailedException: Failed to execute SQL script statement #1 of URL [file:/C:/Users/Kawal/Downloads/Gurbaani/demo/demo/target/classes/data.sql]: insert into demopojo values(10001,'Ajay'); nested exception is org.h2.jdbc.JdbcSQLSyntaxErrorException: Table "DEMOPOJO" not found; SQL statement:
insert into demopojo values(10001,'Ajay') [42102-200]
Caused by: org.springframework.jdbc.datasource.init.ScriptStatementFailedException: 
Failed to execute SQL script statement #1 of URL [file:/C:/Users/Kawal/Downloads/Gurbaani/demo/demo/target/classes/data.sql]: insert into demopojo values(10001,'Ajay'); nested exception is org.h2.jdbc.JdbcSQLSyntaxErrorException: Table "DEMOPOJO" not found; SQL statement:
insert into demopojo values(10001,'Ajay') [42102-200]
Caused by: org.h2.jdbc.JdbcSQLSyntaxErrorException: 
Table "DEMOPOJO" not found; SQL statement:
insert into demopojo values(10001,'Ajay') [42102-200]

